SF:lib\utils\status.dart
DA:4,9
DA:6,4
DA:8,4
DA:10,4
DA:12,4
DA:14,2
DA:16,2
DA:18,2
DA:20,2
DA:22,2
DA:29,2
DA:31,2
DA:33,2
DA:35,2
DA:37,1
DA:39,1
DA:41,1
DA:43,1
DA:45,1
DA:52,2
DA:54,2
DA:56,1
DA:58,1
DA:60,1
DA:62,1
DA:69,2
DA:71,2
DA:73,2
DA:75,2
DA:77,1
DA:79,1
DA:81,1
DA:83,1
DA:85,1
DA:87,1
DA:89,1
DA:91,1
DA:93,1
DA:100,3
DA:102,3
DA:104,3
DA:105,1
DA:106,3
DA:108,2
DA:110,2
DA:112,2
DA:114,2
DA:116,2
LF:48
LH:48
end_of_record
SF:lib\utils\login_inputs.dart
DA:4,1
DA:6,1
DA:7,1
DA:8,1
DA:12,1
DA:13,3
DA:17,1
DA:18,2
DA:23,1
DA:24,1
DA:27,1
DA:31,1
DA:32,3
DA:35,1
DA:36,2
DA:41,1
DA:42,1
LF:17
LH:17
end_of_record
SF:lib\widgets\basic_info_card.dart
DA:4,1
DA:15,1
DA:17,1
DA:19,1
DA:21,1
DA:23,1
DA:24,1
DA:26,4
DA:27,3
DA:33,1
DA:34,2
DA:35,4
DA:36,3
DA:42,1
DA:43,2
DA:44,4
DA:45,3
DA:51,1
DA:52,2
DA:53,4
DA:54,3
LF:21
LH:21
end_of_record
SF:lib\widgets\battery.dart
DA:4,2
DA:8,2
DA:10,2
DA:12,2
DA:13,2
DA:14,4
DA:15,8
DA:16,6
DA:22,2
DA:24,6
LF:10
LH:10
end_of_record
SF:lib\widgets\client_details_card.dart
DA:4,1
DA:15,1
DA:17,1
DA:19,1
DA:21,1
DA:23,1
DA:24,1
DA:26,4
DA:27,3
DA:33,1
DA:34,2
DA:35,4
DA:36,3
DA:42,1
DA:43,2
DA:44,4
DA:45,3
DA:51,1
DA:52,2
DA:53,4
DA:54,3
LF:21
LH:21
end_of_record
SF:lib\api\mowers.dart
DA:9,10
DA:11,0
DA:12,0
DA:13,0
DA:14,0
DA:16,0
DA:18,0
DA:22,0
DA:23,0
DA:24,0
DA:26,0
DA:30,0
DA:31,0
DA:32,0
DA:36,0
DA:38,0
DA:40,0
DA:42,0
DA:45,0
DA:46,0
DA:47,0
DA:49,0
DA:53,0
DA:54,0
DA:55,0
DA:57,0
DA:59,0
DA:63,0
DA:64,0
DA:65,0
DA:67,0
DA:71,0
DA:72,0
DA:73,0
DA:75,0
DA:77,0
DA:81,0
DA:82,0
DA:83,0
DA:85,0
DA:89,0
DA:90,0
DA:91,0
DA:93,0
DA:95,0
DA:99,0
DA:100,0
LF:47
LH:1
end_of_record
SF:lib\api\clients.dart
DA:9,8
DA:11,0
DA:12,0
DA:14,0
DA:16,0
DA:19,0
DA:20,0
DA:21,0
DA:23,0
DA:27,0
DA:28,0
DA:30,0
DA:31,0
DA:33,0
DA:35,0
DA:41,0
DA:42,0
DA:44,0
DA:48,0
DA:49,0
DA:51,0
DA:53,0
DA:56,0
DA:57,0
LF:24
LH:1
end_of_record
SF:lib\models\client.dart
DA:8,6
DA:16,0
DA:17,0
DA:18,0
DA:19,0
DA:20,0
DA:21,0
DA:22,0
LF:8
LH:1
end_of_record
SF:lib\models\model.dart
DA:5,7
DA:10,0
DA:11,0
DA:12,0
DA:13,0
LF:5
LH:1
end_of_record
SF:lib\models\mower.dart
DA:21,7
DA:38,0
DA:39,0
DA:40,0
DA:41,0
DA:42,0
DA:43,0
DA:44,0
DA:45,0
DA:46,0
DA:47,0
DA:48,0
DA:49,0
DA:50,0
DA:51,0
DA:52,0
DA:53,0
LF:17
LH:1
end_of_record
SF:lib\models\employee.dart
DA:10,6
DA:20,0
DA:21,0
DA:22,0
DA:23,0
DA:24,0
DA:25,0
DA:26,0
DA:27,0
DA:28,0
LF:10
LH:1
end_of_record
SF:lib\widgets\client_card.dart
DA:10,1
DA:21,1
DA:22,1
DA:24,6
DA:27,1
DA:29,2
DA:30,1
DA:32,3
DA:33,2
DA:37,1
DA:38,1
DA:39,3
DA:40,2
DA:44,1
DA:45,1
DA:46,0
DA:47,0
DA:51,1
DA:52,0
DA:53,0
DA:62,0
DA:63,0
DA:66,1
DA:68,1
DA:69,3
DA:71,1
DA:72,1
DA:74,0
DA:75,0
DA:76,0
DA:79,1
DA:83,1
DA:85,1
DA:87,1
DA:89,4
DA:96,1
DA:98,1
DA:100,1
DA:102,1
DA:103,1
DA:104,2
DA:105,4
DA:106,3
DA:112,1
DA:113,2
DA:114,4
DA:115,3
DA:121,1
DA:123,1
DA:124,3
DA:125,4
DA:126,3
LF:52
LH:43
end_of_record
SF:lib\models\auth.dart
DA:7,8
LF:1
LH:1
end_of_record
SF:lib\providers\auth_provider.dart
DA:6,4
DA:8,0
DA:9,0
DA:13,6
DA:14,4
LF:5
LH:3
end_of_record
SF:lib\widgets\detail_status_card.dart
DA:7,1
DA:22,1
DA:24,1
DA:26,1
DA:28,2
DA:29,1
DA:31,4
DA:32,3
DA:38,1
DA:40,1
DA:41,1
DA:44,1
DA:46,1
DA:47,2
DA:51,1
DA:52,3
DA:55,1
DA:57,1
DA:58,1
DA:59,2
DA:60,4
DA:61,3
DA:67,1
DA:68,3
DA:69,4
DA:70,3
DA:76,1
DA:77,3
DA:78,4
DA:79,3
DA:85,1
DA:86,3
DA:87,4
DA:88,3
LF:34
LH:34
end_of_record
SF:lib\widgets\employee_details_card.dart
DA:4,1
DA:17,1
DA:19,1
DA:21,1
DA:23,1
DA:25,1
DA:26,1
DA:28,4
DA:29,3
DA:35,1
DA:36,4
DA:37,4
DA:38,3
DA:44,1
DA:45,2
DA:46,4
DA:47,3
LF:17
LH:17
end_of_record
SF:lib\api\employees.dart
DA:9,1
DA:11,0
DA:12,0
DA:14,0
DA:16,0
DA:19,0
DA:20,0
DA:21,0
DA:23,0
DA:27,0
DA:28,0
DA:30,0
DA:35,0
DA:36,0
DA:39,0
DA:41,0
DA:43,0
DA:45,0
DA:48,0
DA:49,0
DA:51,0
DA:55,0
DA:56,0
DA:58,0
DA:60,0
DA:63,0
DA:64,0
LF:27
LH:1
end_of_record
SF:lib\widgets\employee_card.dart
DA:10,1
DA:21,1
DA:22,1
DA:24,6
DA:27,1
DA:29,2
DA:30,1
DA:32,3
DA:33,2
DA:37,1
DA:38,1
DA:41,3
DA:42,2
DA:46,1
DA:47,1
DA:48,0
DA:49,0
DA:53,1
DA:54,0
DA:55,0
DA:64,0
DA:65,0
DA:68,1
DA:70,1
DA:71,3
DA:73,1
DA:74,1
DA:76,0
DA:77,0
DA:78,0
DA:81,1
DA:85,1
DA:87,1
DA:89,1
DA:91,4
DA:98,1
DA:100,1
DA:102,1
DA:104,1
DA:105,1
DA:106,7
DA:107,4
DA:108,3
DA:114,1
DA:115,2
DA:116,4
DA:117,3
LF:47
LH:38
end_of_record
SF:lib\models\incidence.dart
DA:11,1
DA:20,0
DA:21,0
DA:22,0
DA:23,0
DA:24,0
DA:25,0
DA:26,0
DA:29,0
DA:30,0
LF:10
LH:1
end_of_record
SF:lib\widgets\incidence_card.dart
DA:13,1
DA:18,1
DA:20,1
DA:21,3
DA:23,0
DA:24,0
DA:25,0
DA:26,0
DA:27,0
DA:30,1
DA:34,1
DA:36,1
DA:38,1
DA:40,4
DA:47,1
DA:49,1
DA:51,1
DA:53,1
DA:54,1
DA:55,2
DA:56,4
DA:57,3
DA:63,1
DA:64,4
DA:65,4
DA:66,3
DA:72,1
DA:74,1
DA:75,3
DA:76,4
DA:77,3
LF:31
LH:26
end_of_record
SF:lib\api\incidences.dart
DA:9,1
DA:11,0
DA:12,0
DA:13,0
DA:15,0
DA:17,0
DA:20,0
DA:21,0
DA:22,0
DA:24,0
DA:28,0
DA:29,0
DA:31,0
DA:33,0
DA:36,0
DA:38,0
LF:16
LH:1
end_of_record
SF:lib\providers\incidences_provider.dart
DA:6,0
DA:11,0
DA:12,0
DA:15,0
DA:16,0
DA:17,0
DA:18,0
DA:19,0
DA:23,0
DA:24,0
DA:25,0
DA:27,0
DA:28,0
DA:33,0
DA:34,0
LF:15
LH:0
end_of_record
SF:lib\widgets\mower_card.dart
DA:8,1
DA:12,0
DA:13,0
DA:14,0
DA:15,0
DA:20,1
DA:22,1
DA:23,0
DA:24,1
DA:26,1
DA:34,1
DA:36,1
DA:37,1
DA:38,1
DA:40,1
DA:41,1
DA:43,1
DA:44,3
DA:45,1
DA:47,1
DA:48,1
DA:49,1
DA:50,3
DA:51,4
DA:52,3
DA:58,1
DA:59,2
DA:60,4
DA:61,3
DA:67,1
DA:69,1
DA:70,6
DA:71,4
DA:72,3
LF:34
LH:29
end_of_record
SF:lib\api\remote_control.dart
DA:6,3
DA:8,0
DA:9,0
DA:10,0
DA:12,0
DA:14,0
DA:18,0
DA:19,0
DA:23,0
DA:24,0
DA:25,0
DA:27,0
DA:29,0
DA:33,0
DA:34,0
DA:38,0
DA:39,0
DA:40,0
DA:42,0
DA:44,0
DA:48,0
DA:49,0
LF:22
LH:1
end_of_record
SF:lib\screens\mower_details.dart
DA:10,0
DA:14,0
DA:16,0
DA:17,0
DA:20,0
DA:21,0
DA:22,0
DA:23,0
DA:24,0
DA:25,0
DA:26,0
DA:28,0
DA:29,0
DA:30,0
DA:31,0
DA:32,0
DA:33,0
DA:35,0
DA:36,0
DA:37,0
DA:38,0
DA:40,0
DA:41,0
DA:42,0
DA:43,0
DA:44,0
DA:46,0
DA:47,0
LF:28
LH:0
end_of_record
SF:lib\widgets\remote_control_card.dart
DA:10,1
DA:17,0
DA:18,0
DA:21,0
DA:22,0
DA:25,0
DA:26,0
DA:29,1
DA:31,3
DA:32,3
DA:33,1
DA:35,1
DA:37,1
DA:39,1
DA:40,1
DA:42,4
DA:43,3
DA:49,1
DA:50,1
DA:51,1
DA:53,1
DA:54,1
DA:55,1
DA:59,1
DA:61,4
DA:66,0
DA:67,0
DA:69,1
DA:73,1
DA:74,1
DA:78,1
DA:80,4
DA:85,0
DA:86,0
DA:88,1
DA:97,1
DA:98,1
DA:102,1
DA:104,4
DA:109,0
DA:110,0
DA:112,1
LF:42
LH:30
end_of_record
SF:lib\widgets\mower_status.dart
DA:8,2
DA:12,2
DA:14,2
DA:16,2
DA:17,2
DA:20,2
DA:22,2
DA:23,6
DA:27,2
DA:28,10
DA:34,2
DA:35,12
DA:36,8
DA:37,6
LF:14
LH:14
end_of_record
SF:lib\widgets\mower_information.dart
DA:5,1
DA:9,1
DA:11,1
DA:13,1
DA:15,1
DA:17,1
DA:18,1
DA:19,2
DA:20,4
DA:21,3
DA:27,1
DA:28,4
DA:29,4
DA:30,3
DA:36,1
DA:37,3
DA:38,4
DA:39,3
LF:18
LH:18
end_of_record
SF:lib\widgets\unassigned_mower_card.dart
DA:6,1
DA:10,1
DA:12,1
DA:13,1
DA:14,0
DA:15,0
DA:16,0
DA:18,0
DA:19,1
DA:21,1
DA:23,1
DA:25,1
DA:26,1
DA:27,2
DA:28,4
DA:29,3
DA:35,1
DA:36,4
DA:37,4
DA:38,3
DA:44,1
DA:45,3
DA:46,4
DA:47,3
LF:24
LH:20
end_of_record
SF:lib\providers\clients_provider.dart
DA:6,0
DA:8,0
DA:9,0
DA:12,0
DA:13,0
DA:17,0
DA:18,0
LF:7
LH:0
end_of_record
SF:lib\providers\employees_provider.dart
DA:6,0
DA:8,0
DA:9,0
DA:12,0
DA:13,0
DA:17,0
DA:18,0
LF:7
LH:0
end_of_record
SF:lib\providers\mowers_provider.dart
DA:6,0
DA:8,0
DA:9,0
DA:12,0
DA:13,0
DA:17,0
DA:18,0
LF:7
LH:0
end_of_record
SF:lib\providers\unassgined_mowers_provider.dart
DA:6,0
DA:8,0
DA:9,0
DA:12,0
DA:13,0
DA:16,0
DA:17,0
DA:21,0
DA:22,0
LF:9
LH:0
end_of_record
SF:lib\screens\assign_mower.dart
DA:18,0
DA:22,0
DA:23,0
DA:33,0
DA:34,0
DA:35,0
DA:36,0
DA:37,0
DA:41,0
DA:42,0
DA:43,0
DA:44,0
DA:45,0
DA:48,0
DA:49,0
DA:51,0
DA:55,0
DA:57,0
DA:58,0
DA:59,0
DA:60,0
DA:61,0
DA:65,0
DA:66,0
DA:72,0
DA:74,0
DA:75,0
DA:76,0
DA:77,0
DA:80,0
DA:82,0
DA:83,0
DA:84,0
DA:85,0
DA:86,0
DA:87,0
DA:89,0
DA:90,0
DA:91,0
DA:96,0
DA:97,0
DA:100,0
DA:103,0
DA:104,0
DA:105,0
DA:107,0
DA:109,0
DA:110,0
DA:115,0
DA:121,0
DA:122,0
DA:128,0
DA:130,0
DA:131,0
DA:132,0
DA:137,0
DA:138,0
DA:141,0
DA:144,0
DA:145,0
DA:146,0
DA:148,0
DA:150,0
DA:151,0
DA:156,0
DA:162,0
DA:163,0
DA:169,0
DA:170,0
DA:171,0
LF:70
LH:0
end_of_record
